# JRE version: Java(TM) SE Runtime Environment (10.0.1+10) (build 10.0.1+10)
# Java VM: Java HotSpot(TM) 64-Bit Server VM (10.0.1+10, mixed mode, tiered, compressed oops, g1 gc, windows-amd64)
Heap:
 garbage-first heap   total 65536K, used 53362K [0x00000000c0000000, 0x0000000100000000)
  region size 1024K, 14 young (14336K), 1 survivors (1024K)
 Metaspace       used 53915K, capacity 54636K, committed 56320K, reserved 1097728K
  class space    used 6591K, capacity 6909K, committed 7424K, reserved 1048576K
GC Heap History (10 events):
Event: 6479.655 GC heap before
{Heap before GC invocations=64 (full 0):
 garbage-first heap   total 65536K, used 53533K [0x00000000c0000000, 0x0000000100000000)
  region size 1024K, 15 young (15360K), 1 survivors (1024K)
 Metaspace       used 53284K, capacity 53859K, committed 56320K, reserved 1097728K
  class space    used 6492K, capacity 6761K, committed 7424K, reserved 1048576K
}
Event: 6479.658 GC heap after
{Heap after GC invocations=65 (full 0):
 garbage-first heap   total 65536K, used 37216K [0x00000000c0000000, 0x0000000100000000)
  region size 1024K, 1 young (1024K), 1 survivors (1024K)
 Metaspace       used 53284K, capacity 53859K, committed 56320K, reserved 1097728K
  class space    used 6492K, capacity 6761K, committed 7424K, reserved 1048576K
}
Event: 6579.655 GC heap before
{Heap before GC invocations=65 (full 0):
 garbage-first heap   total 65536K, used 39264K [0x00000000c0000000, 0x0000000100000000)
  region size 1024K, 3 young (3072K), 1 survivors (1024K)
 Metaspace       used 53284K, capacity 53859K, committed 56320K, reserved 1097728K
  class space    used 6492K, capacity 6761K, committed 7424K, reserved 1048576K
}
Event: 6579.671 GC heap after
{Heap after GC invocations=66 (full 0):
 garbage-first heap   total 65536K, used 36859K [0x00000000c0000000, 0x0000000100000000)
  region size 1024K, 1 young (1024K), 1 survivors (1024K)
 Metaspace       used 53284K, capacity 53859K, committed 56320K, reserved 1097728K
  class space    used 6492K, capacity 6761K, committed 7424K, reserved 1048576K
}
Event: 7153.475 GC heap before
{Heap before GC invocations=66 (full 0):
 garbage-first heap   total 65536K, used 51195K [0x00000000c0000000, 0x0000000100000000)
  region size 1024K, 16 young (16384K), 1 survivors (1024K)
 Metaspace       used 53438K, capacity 54102K, committed 56320K, reserved 1097728K
  class space    used 6509K, capacity 6792K, committed 7424K, reserved 1048576K
}
Event: 7153.484 GC heap after
{Heap after GC invocations=67 (full 0):
 garbage-first heap   total 65536K, used 37290K [0x00000000c0000000, 0x0000000100000000)
  region size 1024K, 1 young (1024K), 1 survivors (1024K)
 Metaspace       used 53438K, capacity 54102K, committed 56320K, reserved 1097728K
  class space    used 6509K, capacity 6792K, committed 7424K, reserved 1048576K
}
Event: 7159.055 GC heap before
{Heap before GC invocations=68 (full 0):
 garbage-first heap   total 65536K, used 56746K [0x00000000c0000000, 0x0000000100000000)
  region size 1024K, 18 young (18432K), 1 survivors (1024K)
 Metaspace       used 53657K, capacity 54400K, committed 56320K, reserved 1097728K
  class space    used 6550K, capacity 6857K, committed 7424K, reserved 1048576K
}
Event: 7159.065 GC heap after
{Heap after GC invocations=69 (full 0):
 garbage-first heap   total 65536K, used 41312K [0x00000000c0000000, 0x0000000100000000)
  region size 1024K, 3 young (3072K), 3 survivors (3072K)
 Metaspace       used 53657K, capacity 54400K, committed 56320K, reserved 1097728K
  class space    used 6550K, capacity 6857K, committed 7424K, reserved 1048576K
}
Event: 7159.078 GC heap before
{Heap before GC invocations=69 (full 0):
 garbage-first heap   total 65536K, used 42336K [0x00000000c0000000, 0x0000000100000000)
  region size 1024K, 4 young (4096K), 3 survivors (3072K)
 Metaspace       used 53657K, capacity 54400K, committed 56320K, reserved 1097728K
  class space    used 6550K, capacity 6857K, committed 7424K, reserved 1048576K
}
Event: 7159.094 GC heap after
{Heap after GC invocations=70 (full 0):
 garbage-first heap   total 65536K, used 41074K [0x00000000c0000000, 0x0000000100000000)
  region size 1024K, 1 young (1024K), 1 survivors (1024K)
 Metaspace       used 53657K, capacity 54400K, committed 56320K, reserved 1097728K
  class space    used 6550K, capacity 6857K, committed 7424K, reserved 1048576K
}

